<?xml version="1.0" encoding="UTF-8" ?>
<testsuites>
  <testsuite errors="2" failures="1" hostname="MC02MF14LFD58.local" id="0" name="UserControllerSpec" package="racetrack" tests="7" time="0.686" timestamp="2014-09-12T05:54:51">
      <properties />

      <testcase classname="racetrack.UserControllerSpec" name="Test the index action returns the correct model" time="0.254" />

      <testcase classname="racetrack.UserControllerSpec" name="Test the create action returns the correct model" time="0.039" />

      <testcase classname="racetrack.UserControllerSpec" name="Test the save action correctly persists an instance" time="0.228">
          <error message="Cannot redirect for object [null] it is not a domain or has no identifier. Use an explicit redirect instead " type="org.codehaus.groovy.grails.web.servlet.mvc.exceptions.CannotRedirectException">org.codehaus.groovy.grails.web.servlet.mvc.exceptions.CannotRedirectException: Cannot redirect for object [null] it is not a domain or has no identifier. Use an explicit redirect instead 
	at org.grails.plugins.web.rest.api.ControllersRestApi.redirect(ControllersRestApi.groovy:53)
	at racetrack.UserController.tt__save_closure12_closure17(UserController.groovy:43)
	at racetrack.UserController.$tt__save(UserController.groovy:40)
	at racetrack.UserControllerSpec.Test the save action correctly persists an instance(UserControllerSpec.groovy:54)
</error>

      </testcase>

      <testcase classname="racetrack.UserControllerSpec" name="Test that the show action returns the correct model" time="0.036" />

      <testcase classname="racetrack.UserControllerSpec" name="Test that the edit action returns the correct model" time="0.03" />

      <testcase classname="racetrack.UserControllerSpec" name="Test the update action performs an update on a valid domain instance" time="0.045">
          <error message="Cannot get property &apos;id&apos; on null object" type="java.lang.NullPointerException">java.lang.NullPointerException: Cannot get property &apos;id&apos; on null object
	at racetrack.UserControllerSpec.Test the update action performs an update on a valid domain instance(UserControllerSpec.groovy:122)
</error>

      </testcase>

      <testcase classname="racetrack.UserControllerSpec" name="Test that the delete action deletes an instance if it exists" time="0.036">
          <failure message="Condition not satisfied:&#xa;&#xa;User.count() == 1&#xa;     |       |&#xa;     0       false&#xa;" type="junit.framework.AssertionFailedError">junit.framework.AssertionFailedError: Condition not satisfied:

User.count() == 1
     |       |
     0       false

	at racetrack.UserControllerSpec.Test that the delete action deletes an instance if it exists(UserControllerSpec.groovy:142)
</failure>

      </testcase>

      <system-out><![CDATA[--Output from Test the index action returns the correct model--
--Output from Test the create action returns the correct model--
--Output from Test the save action correctly persists an instance--
--Output from Test that the show action returns the correct model--
--Output from Test that the edit action returns the correct model--
--Output from Test the update action performs an update on a valid domain instance--
--Output from Test that the delete action deletes an instance if it exists--
]]></system-out>

      <system-err><![CDATA[--Output from Test the index action returns the correct model--
--Output from Test the create action returns the correct model--
--Output from Test the save action correctly persists an instance--
--Output from Test that the show action returns the correct model--
--Output from Test that the edit action returns the correct model--
--Output from Test the update action performs an update on a valid domain instance--
--Output from Test that the delete action deletes an instance if it exists--
]]></system-err>

  </testsuite>
  <testsuite errors="0" failures="1" hostname="MC02MF14LFD58.local" id="1" name="UserControllerTests" package="racetrack" tests="2" time="2.962" timestamp="2014-09-12T05:54:48">
      <properties />

      <testcase classname="racetrack.UserControllerTests" name="testAuthenticate" time="2.775" />

      <testcase classname="racetrack.UserControllerTests" name="testIndex" time="0.136">
          <failure message="Assertion failed: &#xa;&#xa;assert &quot;/user/list&quot; == response.redirectedUrl&#xa;                    |  |        |&#xa;                    |  |        null&#xa;                    |  org.codehaus.groovy.grails.plugins.testing.GrailsMockHttpServletResponse@257f2ad0&#xa;                    false&#xa;" type="junit.framework.AssertionFailedError">junit.framework.AssertionFailedError: Assertion failed: 

assert &quot;/user/list&quot; == response.redirectedUrl
                    |  |        |
                    |  |        null
                    |  org.codehaus.groovy.grails.plugins.testing.GrailsMockHttpServletResponse@257f2ad0
                    false

	at racetrack.UserControllerTests.testIndex(UserControllerTests.groovy:15)
</failure>

      </testcase>

      <system-out><![CDATA[--Output from testAuthenticate--
--Output from testIndex--
]]></system-out>

      <system-err><![CDATA[--Output from testAuthenticate--
--Output from testIndex--
]]></system-err>

  </testsuite>
</testsuites>
